================================================================
PM Work Order Scraper  [HEADLESS]
================================================================
Headless mode: using a logged-in profile copy (log in once via start_chrome_debug.bat first).
================================================================

Launching headless Chrome (profile: quality_assurance) ...
Headless Chrome ready. Current URL: https://circaweb.bobrick.com/PME/Forms/EquipmentAll
Loaded 111 'Quality Assurance' equipment from equipment_data.csv

Scraping 111 equipment records...

[1/111] EQ ID 2082
  [EQ ID 2082] 0 unscheduled work orders
  [EQ ID 2082] 'Digital PSI gauge , 9228301003': 2 scheduled work orders scraped
[2/111] EQ ID 2083
  [EQ ID 2083] 0 unscheduled work orders
  [EQ ID 2083] 'Digital Force Gauge, 3784067': 2 scheduled work orders scraped
[3/111] EQ ID 1945
  [EQ ID 1945] 0 unscheduled work orders
  [EQ ID 1945] 'EZ Torq II 150i Torque Analyzer, EZ1705007, Q': 2 scheduled work orders scraped
[4/111] EQ ID 2060
  [EQ ID 2060] 0 unscheduled work orders
  [EQ ID 2060] 0 scheduled work orders
[5/111] EQ ID 1512
  [EQ ID 1512] 0 unscheduled work orders
  [EQ ID 1512] 0 scheduled work orders
[6/111] EQ ID 1529
  [EQ ID 1529] 0 unscheduled work orders
  [EQ ID 1529] 'Digital Force Gage, W08848, QA (CMS Recall)': 4 scheduled work orders scraped
[7/111] EQ ID 1591
  [EQ ID 1591] 0 unscheduled work orders
  [EQ ID 1591] 'Boundary Board, Center Bend Tooling Marks, QA': 2 scheduled work orders scraped
[8/111] EQ ID 1592
  [EQ ID 1592] 0 unscheduled work orders
  [EQ ID 1592] 'Boundary Board, Weld Spatter, QA': 2 scheduled work orders scraped
[9/111] EQ ID 1628
  [EQ ID 1628] 0 unscheduled work orders
  [EQ ID 1628] 'EZ Torq II Torque Analyzer, EZ1410017, QA (CM': 2 scheduled work orders scraped
[10/111] EQ ID 1664
  [EQ ID 1664] 0 unscheduled work orders
  [EQ ID 1664] 'Boundary Board, Flange Welding, QA': 2 scheduled work orders scraped
[11/111] EQ ID 1878
  [EQ ID 1878] 0 unscheduled work orders
  [EQ ID 1878] 'Boundary Board, Grab Bar Bending Tooling Mark': 2 scheduled work orders scraped
[12/111] EQ ID 1491
  [EQ ID 1491] 'General request': 2 work orders scraped
  [EQ ID 1491] 0 scheduled work orders
[13/111] EQ ID 76
  [EQ ID 76] 0 unscheduled work orders
  [EQ ID 76] 'Boundary Board, Assembly, 150 brackets': 2 scheduled work orders scraped
[14/111] EQ ID 77
  [EQ ID 77] 0 unscheduled work orders
  [EQ ID 77] 'Boundary Board, Assembly, 5050 / 5090 Vessels': 2 scheduled work orders scraped
[15/111] EQ ID 78
  [EQ ID 78] 0 unscheduled work orders
  [EQ ID 78] 'Boundary Board, TPF, Edge Bander': 4 scheduled work orders scraped
[16/111] EQ ID 80
  [EQ ID 80] 0 unscheduled work orders
  [EQ ID 80] 'Boundary Board, TPF, 1540 Door Notcher': 2 scheduled work orders scraped
[17/111] EQ ID 83
  [EQ ID 83] 0 unscheduled work orders
  [EQ ID 83] 'Boundary Board, Soap Dispenser Assembly, 40 V': 2 scheduled work orders scraped
[18/111] EQ ID 84
  [EQ ID 84] 0 unscheduled work orders
  [EQ ID 84] 0 scheduled work orders
[19/111] EQ ID 86
  [EQ ID 86] 0 unscheduled work orders
  [EQ ID 86] 'Boundary Board, Soap Dispenser Assembly, 4112': 2 scheduled work orders scraped
[20/111] EQ ID 87
  [EQ ID 87] 0 unscheduled work orders
  [EQ ID 87] 'Boundary Board, TPF, 1540 /1040 Edge Finisher': 2 scheduled work orders scraped
[21/111] EQ ID 1212
  [EQ ID 1212] 0 unscheduled work orders
  [EQ ID 1212] 'Function Gage, T-4112-7 AC 3, Adams Campbell': 2 scheduled work orders scraped
[22/111] EQ ID 1213
  [EQ ID 1213] 0 unscheduled work orders
  [EQ ID 1213] 'Surface Plate 36x48, PQ-51-14, QA (CMS Recall': 2 scheduled work orders scraped
[23/111] EQ ID 1214
  [EQ ID 1214] 0 unscheduled work orders
  [EQ ID 1214] '18" Digital Height Gage, 1409748, QA (CMS Rec': 2 scheduled work orders scraped
[24/111] EQ ID 1215
  [EQ ID 1215] 0 unscheduled work orders
  [EQ ID 1215] 'Pin Gage Set, B005, QA': 2 scheduled work orders scraped
[25/111] EQ ID 1216
  [EQ ID 1216] 0 unscheduled work orders
  [EQ ID 1216] 'Dial Indicator, B112138, QA': 2 scheduled work orders scraped
Saved 2 unscheduled records  ->  C:\Users\merja.haatanen\OneDrive - Bobrick Washroom Equipment\Desktop\PM Web Scraper\work_orders_unscheduled_quality_assurance.csv
Saved 46 scheduled records  ->  C:\Users\merja.haatanen\OneDrive - Bobrick Washroom Equipment\Desktop\PM Web Scraper\work_orders_scheduled_quality_assurance.csv
[26/111] EQ ID 1217
  [EQ ID 1217] 0 unscheduled work orders
  [EQ ID 1217] 'Dial Indicator, B147449, QA': 2 scheduled work orders scraped
[27/111] EQ ID 1218
  [EQ ID 1218] 0 unscheduled work orders
  [EQ ID 1218] 'Boundary Board, Grab Bar Welding': 4 scheduled work orders scraped
[28/111] EQ ID 1330
  [EQ ID 1330] 0 unscheduled work orders
  [EQ ID 1330] 'Drill Fixture, 1080 Drill Machine RH O/S Door': 2 scheduled work orders scraped
[29/111] EQ ID 1344
  [EQ ID 1344] 0 unscheduled work orders
  [EQ ID 1344] 'Digital Micrometer, 6194113, QA (CMS Recall)': 2 scheduled work orders scraped
[30/111] EQ ID 1345
  [EQ ID 1345] 0 unscheduled work orders
  [EQ ID 1345] 'Torque Wrench, 5200': 2 scheduled work orders scraped
[31/111] EQ ID 1346
  [EQ ID 1346] 0 unscheduled work orders
  [EQ ID 1346] 'Angle Iron Set, 15327, QA (CMS Recall)': 2 scheduled work orders scraped
[32/111] EQ ID 1347
  [EQ ID 1347] 0 unscheduled work orders
  [EQ ID 1347] 'Radius Gage Set, 15324, QA (CMS Recall)': 2 scheduled work orders scraped
[33/111] EQ ID 1348
  [EQ ID 1348] 0 unscheduled work orders
  [EQ ID 1348] 'Micrometer Checker, 10468, QA (CMS Recall)': 2 scheduled work orders scraped
[34/111] EQ ID 1349
  [EQ ID 1349] 0 unscheduled work orders
  [EQ ID 1349] 'Caliper Checker, 529, QA (CMS Recall)': 2 scheduled work orders scraped
[35/111] EQ ID 1374
  [EQ ID 1374] 0 unscheduled work orders
  [EQ ID 1374] 'Boundary Board, Miter Weld': 2 scheduled work orders scraped
[36/111] EQ ID 1375
  [EQ ID 1375] 0 unscheduled work orders
  [EQ ID 1375] 'Boundary Board, Corner Weld, QA': 2 scheduled work orders scraped
[37/111] EQ ID 807
  [EQ ID 807] 0 unscheduled work orders
  [EQ ID 807] 'Drill Fixture, 1047206, Inswing Stile Hinge-C': 2 scheduled work orders scraped
[38/111] EQ ID 808
  [EQ ID 808] 0 unscheduled work orders
  [EQ ID 808] 'Drill Fixture, 1542003, 1542 Drill Jig T-1542': 2 scheduled work orders scraped
[39/111] EQ ID 821
  [EQ ID 821] 0 unscheduled work orders
  [EQ ID 821] 'Drill Fixture, T1002246, Tube Wall Post 1080 ': 2 scheduled work orders scraped
[40/111] EQ ID 826
  [EQ ID 826] 0 unscheduled work orders
  [EQ ID 826] '8" Digital Caliper, 0189152, M.E. Primo Uy': 2 scheduled work orders scraped
[41/111] EQ ID 827
  [EQ ID 827] 0 unscheduled work orders
  [EQ ID 827] '8" Digimatic Caliper, 03320488, QA': 2 scheduled work orders scraped
[42/111] EQ ID 828
  [EQ ID 828] 0 unscheduled work orders
  [EQ ID 828] 'Drill Fixture, 2080622, Door Hinge Max Privac': 2 scheduled work orders scraped
[43/111] EQ ID 835
  [EQ ID 835] 0 unscheduled work orders
  [EQ ID 835] 'Drill Fixture, 1040622, Inswing Door Latch-Pl': 2 scheduled work orders scraped
[44/111] EQ ID 836
  [EQ ID 836] 0 unscheduled work orders
  [EQ ID 836] '1" Micrometer, 27085352, Machine Shop': 2 scheduled work orders scraped
[45/111] EQ ID 837
  [EQ ID 837] 0 unscheduled work orders
  [EQ ID 837] '6" Digital Caliper, 12345580, QA': 2 scheduled work orders scraped
[46/111] EQ ID 838
  [EQ ID 838] 0 unscheduled work orders
  [EQ ID 838] '6" Dial Caliper, BB054225, TPF': 2 scheduled work orders scraped
[47/111] EQ ID 839
  [EQ ID 839] 0 unscheduled work orders
  [EQ ID 839] '24" Dial Caliper, 3-18.3197, Machine Shop': 2 scheduled work orders scraped
[48/111] EQ ID 844
  [EQ ID 844] 0 unscheduled work orders
  [EQ ID 844] 'Drill Fixture, T-1541-1548-5, 5" Stile-Leveli': 2 scheduled work orders scraped
[49/111] EQ ID 1026
  [EQ ID 1026] 0 unscheduled work orders
  [EQ ID 1026] 'Drill Fixture, T1002347, .67 Wall Post': 2 scheduled work orders scraped
[50/111] EQ ID 1027
  [EQ ID 1027] 0 unscheduled work orders
  [EQ ID 1027] 'Boundary Board, TPF, 1080/1090 Inserts': 2 scheduled work orders scraped
Saved 2 unscheduled records  ->  C:\Users\merja.haatanen\OneDrive - Bobrick Washroom Equipment\Desktop\PM Web Scraper\work_orders_unscheduled_quality_assurance.csv
Saved 98 scheduled records  ->  C:\Users\merja.haatanen\OneDrive - Bobrick Washroom Equipment\Desktop\PM Web Scraper\work_orders_scheduled_quality_assurance.csv
[51/111] EQ ID 1028
  [EQ ID 1028] 0 unscheduled work orders
  [EQ ID 1028] 'Boundary Board, TPF, Sierra Material Defects': 2 scheduled work orders scraped
[52/111] EQ ID 1029
  [EQ ID 1029] 0 unscheduled work orders
  [EQ ID 1029] 'Boundary Board, TPF, 1080/1090 Edge Finish': 2 scheduled work orders scraped
[53/111] EQ ID 1030
  [EQ ID 1030] 0 unscheduled work orders
  [EQ ID 1030] 'Boundary Board, TPF, 1080/1090 Bevel': 2 scheduled work orders scraped
[54/111] EQ ID 1062
  [EQ ID 1062] 0 unscheduled work orders
  [EQ ID 1062] 'Drill Fixture, 1047930, Outswing Stile Hinge-': 2 scheduled work orders scraped
[55/111] EQ ID 1063
  [EQ ID 1063] 0 unscheduled work orders
  [EQ ID 1063] '36" Adjustable bar w/6" Dial Calipers, 4088, ': 2 scheduled work orders scraped
[56/111] EQ ID 1064
  [EQ ID 1064] 0 unscheduled work orders
  [EQ ID 1064] '6" Digital Caliper, 0082301, QA': 4 scheduled work orders scraped
[57/111] EQ ID 1065
  [EQ ID 1065] 0 unscheduled work orders
  [EQ ID 1065] '6" Digital Caliper, 06172539, Carmen': 2 scheduled work orders scraped
[58/111] EQ ID 1066
  [EQ ID 1066] 0 unscheduled work orders
  [EQ ID 1066] '6" Digital Caliper, 0742780, QA, Alex': 4 scheduled work orders scraped
[59/111] EQ ID 1075
  [EQ ID 1075] 0 unscheduled work orders
  [EQ ID 1075] 'Drill Fixture, 2088007, Stile Hinge-Max Priva': 2 scheduled work orders scraped
[60/111] EQ ID 1089
  [EQ ID 1089] 0 unscheduled work orders
  [EQ ID 1089] 'Boundary Board, Soap Dispensers, 822': 2 scheduled work orders scraped
[61/111] EQ ID 1090
  [EQ ID 1090] 0 unscheduled work orders
  [EQ ID 1090] 'Boundary Board, Assembly, NT Vendor Bezels': 2 scheduled work orders scraped
[62/111] EQ ID 1091
  [EQ ID 1091] 0 unscheduled work orders
  [EQ ID 1091] 'Sample Board, Scratch, All Products': 2 scheduled work orders scraped
[63/111] EQ ID 1092
  [EQ ID 1092] 0 unscheduled work orders
  [EQ ID 1092] 'Sample Board, Weld, All Products, QA': 6 scheduled work orders scraped
[64/111] EQ ID 1093
  [EQ ID 1093] 0 unscheduled work orders
  [EQ ID 1093] 'Sample Board, Burr, All Products': 2 scheduled work orders scraped
[65/111] EQ ID 1094
  [EQ ID 1094] 0 unscheduled work orders
  [EQ ID 1094] 'Sample Board, Dent, All Products': 2 scheduled work orders scraped
[66/111] EQ ID 1116
  [EQ ID 1116] 0 unscheduled work orders
  [EQ ID 1116] '6" Digimatic Caliper, 06172566, Steve': 2 scheduled work orders scraped
[67/111] EQ ID 1117
  [EQ ID 1117] 0 unscheduled work orders
  [EQ ID 1117] '12" Dial Caliper, MM 84, QA': 2 scheduled work orders scraped
[68/111] EQ ID 1118
  [EQ ID 1118] 0 unscheduled work orders
  [EQ ID 1118] '3" Machinist Square, 0157, QA': 2 scheduled work orders scraped
[69/111] EQ ID 1119
  [EQ ID 1119] 0 unscheduled work orders
  [EQ ID 1119] '4" Machinist Square, 0158, QA': 2 scheduled work orders scraped
[70/111] EQ ID 1120
  [EQ ID 1120] 0 unscheduled work orders
  [EQ ID 1120] '6" Machinist Square, 0159, QA': 2 scheduled work orders scraped
[71/111] EQ ID 1126
  [EQ ID 1126] 0 unscheduled work orders
  [EQ ID 1126] 'Drill Fixture, T-1540003, 3" Stile Leveling D': 2 scheduled work orders scraped
[72/111] EQ ID 1128
  [EQ ID 1128] 0 unscheduled work orders
  [EQ ID 1128] 'Drill Fixture, T-1540004, 4" Stile Leveling D': 2 scheduled work orders scraped
[73/111] EQ ID 1130
  [EQ ID 1130] 0 unscheduled work orders
  [EQ ID 1130] 'Gage Block Set, 63845, QA': 2 scheduled work orders scraped
[74/111] EQ ID 1131
  [EQ ID 1131] 0 unscheduled work orders
  [EQ ID 1131] 'Pin Gage Set, B002, QA (CMS Recall)': 2 scheduled work orders scraped
[75/111] EQ ID 1132
  [EQ ID 1132] 0 unscheduled work orders
  [EQ ID 1132] 'Pin Gage Set, B003, QA (CMS Recall)': 2 scheduled work orders scraped
Saved 2 unscheduled records  ->  C:\Users\merja.haatanen\OneDrive - Bobrick Washroom Equipment\Desktop\PM Web Scraper\work_orders_unscheduled_quality_assurance.csv
Saved 156 scheduled records  ->  C:\Users\merja.haatanen\OneDrive - Bobrick Washroom Equipment\Desktop\PM Web Scraper\work_orders_scheduled_quality_assurance.csv
[76/111] EQ ID 1133
  [EQ ID 1133] 0 unscheduled work orders
  [EQ ID 1133] 'Pin Gage Set, B004, QA (CMS Recall)': 2 scheduled work orders scraped
[77/111] EQ ID 1134
  [EQ ID 1134] 0 unscheduled work orders
  [EQ ID 1134] 'Digital Force Gage, 3709, QA (CMS Recall)': 2 scheduled work orders scraped
[78/111] EQ ID 1135
  [EQ ID 1135] 0 unscheduled work orders
  [EQ ID 1135] 'Parallel Set, 1/2"x7/8"x6" A & B, QA': 2 scheduled work orders scraped
[79/111] EQ ID 1136
  [EQ ID 1136] 0 unscheduled work orders
  [EQ ID 1136] 'Parallel Set, 1/2"x1"x6" A & B, QA': 2 scheduled work orders scraped
[80/111] EQ ID 1137
  [EQ ID 1137] 0 unscheduled work orders
  [EQ ID 1137] 'Parallel Set, 1/2"x1-1/8"x6" A & B, QA': 2 scheduled work orders scraped
[81/111] EQ ID 1138
  [EQ ID 1138] 0 unscheduled work orders
  [EQ ID 1138] 'Parallel Set, 1/2"x1-1/4"x6" A & B, QA': 2 scheduled work orders scraped
[82/111] EQ ID 1139
  [EQ ID 1139] 0 unscheduled work orders
  [EQ ID 1139] 'Parallel Set, 1/2"x1-3/8"x6" A & B, QA': 2 scheduled work orders scraped
[83/111] EQ ID 1140
  [EQ ID 1140] 0 unscheduled work orders
  [EQ ID 1140] 'Parallel Set, 1/2"x1-1/2"x6" A & B, QA': 2 scheduled work orders scraped
[84/111] EQ ID 1141
  [EQ ID 1141] 0 unscheduled work orders
  [EQ ID 1141] '1" Micrometer, 80047, QA': 2 scheduled work orders scraped
[85/111] EQ ID 1142
  [EQ ID 1142] 0 unscheduled work orders
  [EQ ID 1142] '6" Digimatic Caliper, 06488259, QA': 2 scheduled work orders scraped
[86/111] EQ ID 1143
  [EQ ID 1143] 0 unscheduled work orders
  [EQ ID 1143] '6" Digital Caliper, 0082354, QA': 2 scheduled work orders scraped
[87/111] EQ ID 1149
  [EQ ID 1149] 0 unscheduled work orders
  [EQ ID 1149] 'Drill Fixture, 1040 Drill Machine R (S), Samp': 2 scheduled work orders scraped
[88/111] EQ ID 1150
  [EQ ID 1150] 0 unscheduled work orders
  [EQ ID 1150] 'Drill Fixture, 1087007, Stile Hinge-C. Hung P': 2 scheduled work orders scraped
[89/111] EQ ID 1151
  [EQ ID 1151] 0 unscheduled work orders
  [EQ ID 1151] 'Drill Fixture, 2082006, Stile/WP Hinge-Max Pr': 2 scheduled work orders scraped
[90/111] EQ ID 1152
  [EQ ID 1152] 0 unscheduled work orders
  [EQ ID 1152] '8" Digital Caliper, 0171370, M.E. Matt Guner': 2 scheduled work orders scraped
[91/111] EQ ID 1153
  [EQ ID 1153] 0 unscheduled work orders
  [EQ ID 1153] '1" Micrometer, 7115132, Machine Shop': 2 scheduled work orders scraped
[92/111] EQ ID 1154
  [EQ ID 1154] 0 unscheduled work orders
  [EQ ID 1154] 'Parallel Set, 1/2"x1-5/8"x6" A & B, QA': 2 scheduled work orders scraped
[93/111] EQ ID 1155
  [EQ ID 1155] 0 unscheduled work orders
  [EQ ID 1155] 'Parallel Set, 1/2"x1-3/4"x6" A & B, QA': 2 scheduled work orders scraped
[94/111] EQ ID 1156
  [EQ ID 1156] 0 unscheduled work orders
  [EQ ID 1156] 'Pin Gage Set, B001, QA': 2 scheduled work orders scraped
[95/111] EQ ID 1157
  [EQ ID 1157] 0 unscheduled work orders
  [EQ ID 1157] 'Pin Gage Set, 15447, QA': 2 scheduled work orders scraped
[96/111] EQ ID 1158
  [EQ ID 1158] 0 unscheduled work orders
  [EQ ID 1158] 'Drill Fixture, T-1542003-1, Drill Jig (Stile)': 2 scheduled work orders scraped
[97/111] EQ ID 1161
  [EQ ID 1161] 0 unscheduled work orders
  [EQ ID 1161] 'Drill Fixture, 1040 Drill Machine L (S), Samp': 2 scheduled work orders scraped
[98/111] EQ ID 1164
  [EQ ID 1164] 0 unscheduled work orders
  [EQ ID 1164] 'Drill Fixture, 1080622, Door Hinge-Phenolic': 2 scheduled work orders scraped
[99/111] EQ ID 1168
  [EQ ID 1168] 0 unscheduled work orders
  [EQ ID 1168] 'Drill Fixture, 1040632, Outswing Door Latch-P': 2 scheduled work orders scraped
[100/111] EQ ID 1187
  [EQ ID 1187] 0 unscheduled work orders
  [EQ ID 1187] 'Drill Fixture, 2080622, Inswing Door Latch-Ma': 2 scheduled work orders scraped
Saved 2 unscheduled records  ->  C:\Users\merja.haatanen\OneDrive - Bobrick Washroom Equipment\Desktop\PM Web Scraper\work_orders_unscheduled_quality_assurance.csv
Saved 206 scheduled records  ->  C:\Users\merja.haatanen\OneDrive - Bobrick Washroom Equipment\Desktop\PM Web Scraper\work_orders_scheduled_quality_assurance.csv
[101/111] EQ ID 1189
  [EQ ID 1189] 0 unscheduled work orders
  [EQ ID 1189] 'Drill Fixture, 2080632, Outswing Door Latch-M': 2 scheduled work orders scraped
[102/111] EQ ID 1190
  [EQ ID 1190] 0 unscheduled work orders
  [EQ ID 1190] 'Function Gage, T-4112-7 BLA 1, QA': 2 scheduled work orders scraped
[103/111] EQ ID 1191
  [EQ ID 1191] 0 unscheduled work orders
  [EQ ID 1191] 'Function Gage, T-4112-7 LX I, PPM': 2 scheduled work orders scraped
[104/111] EQ ID 1192
  [EQ ID 1192] 0 unscheduled work orders
  [EQ ID 1192] 'Function Gage, T-4112-7 BLA 2, 4112 Line': 2 scheduled work orders scraped
[105/111] EQ ID 1193
  [EQ ID 1193] 0 unscheduled work orders
  [EQ ID 1193] 'Function Gage, T-4112-7 LX II, PPM': 2 scheduled work orders scraped
[106/111] EQ ID 1195
  [EQ ID 1195] 0 unscheduled work orders
  [EQ ID 1195] 'Function Gage, T-4112-7 LX III, PPM': 2 scheduled work orders scraped
[107/111] EQ ID 1196
  [EQ ID 1196] 0 unscheduled work orders
  [EQ ID 1196] 'Function Gage, T-4112-7 AC 2, Adams Campbell': 2 scheduled work orders scraped
[108/111] EQ ID 1203
  [EQ ID 1203] 0 unscheduled work orders
  [EQ ID 1203] 'Drill Fixture, 1080632, Outswing Door Latch-P': 2 scheduled work orders scraped
[109/111] EQ ID 1205
  [EQ ID 1205] 0 unscheduled work orders
  [EQ ID 1205] 'Drill Fixture, 1040159, Outswing Stile/WP Hin': 2 scheduled work orders scraped
[110/111] EQ ID 1207
  [EQ ID 1207] 0 unscheduled work orders
  [EQ ID 1207] 'Optical Comparator, 313118550, QA': 2 scheduled work orders scraped
[111/111] EQ ID 1210
  [EQ ID 1210] 0 unscheduled work orders
  [EQ ID 1210] '38030 Cell': 2 scheduled work orders scraped
Saved 2 unscheduled records  ->  C:\Users\merja.haatanen\OneDrive - Bobrick Washroom Equipment\Desktop\PM Web Scraper\work_orders_unscheduled_quality_assurance.csv
Saved 228 scheduled records  ->  C:\Users\merja.haatanen\OneDrive - Bobrick Washroom Equipment\Desktop\PM Web Scraper\work_orders_scheduled_quality_assurance.csv

Done.
