================================================================
PM Work Order Scraper  [HEADLESS]
================================================================
Headless mode: using a logged-in profile copy (log in once via start_chrome_debug.bat first).
================================================================

Launching headless Chrome (profile: machine_shop) ...
Headless Chrome ready. Current URL: https://circaweb.bobrick.com/PME/Forms/EquipmentAll
Loaded 57 'Machine Shop' equipment from equipment_data.csv

Scraping 57 equipment records...

[1/57] EQ ID 5248
  [EQ ID 5248] 0 unscheduled work orders
  [EQ ID 5248] 0 scheduled work orders
[2/57] EQ ID 5244
  [EQ ID 5244] 0 unscheduled work orders
  [EQ ID 5244] 0 scheduled work orders
[3/57] EQ ID 1721
  [EQ ID 1721] 0 unscheduled work orders
  [EQ ID 1721] 0 scheduled work orders
[4/57] EQ ID 1796
  [EQ ID 1796] 0 unscheduled work orders
  [EQ ID 1796] '8" Digimatic Caliper, A 18018637, MS, Victor': 1 scheduled work orders scraped
[5/57] EQ ID 159
  [EQ ID 159] 0 unscheduled work orders
  [EQ ID 159] 0 scheduled work orders
[6/57] EQ ID 160
  [EQ ID 160] 0 unscheduled work orders
  [EQ ID 160] 0 scheduled work orders
[7/57] EQ ID 163
  [EQ ID 163] 0 unscheduled work orders
  [EQ ID 163] 0 scheduled work orders
[8/57] EQ ID 166
  [EQ ID 166] 0 unscheduled work orders
  [EQ ID 166] 0 scheduled work orders
[9/57] EQ ID 167
  [EQ ID 167] 0 unscheduled work orders
  [EQ ID 167] 0 scheduled work orders
[10/57] EQ ID 177
  [EQ ID 177] 0 unscheduled work orders
  [EQ ID 177] 0 scheduled work orders
[11/57] EQ ID 179
  [EQ ID 179] 0 unscheduled work orders
  [EQ ID 179] 0 scheduled work orders
[12/57] EQ ID 1492
  [EQ ID 1492] 0 unscheduled work orders
  [EQ ID 1492] 0 scheduled work orders
[13/57] EQ ID 127
  [EQ ID 127] 0 unscheduled work orders
  [EQ ID 127] 0 scheduled work orders
[14/57] EQ ID 132
  [EQ ID 132] 0 unscheduled work orders
  [EQ ID 132] 0 scheduled work orders
[15/57] EQ ID 133
  [EQ ID 133] 0 unscheduled work orders
  [EQ ID 133] 0 scheduled work orders
[16/57] EQ ID 19
  [EQ ID 19] 'Mill': 1 work orders scraped
  [EQ ID 19] 'Mill': 4 scheduled work orders scraped
[17/57] EQ ID 20
  [EQ ID 20] 0 unscheduled work orders
  [EQ ID 20] 'Mill': 3 scheduled work orders scraped
[18/57] EQ ID 21
  [EQ ID 21] 0 unscheduled work orders
  [EQ ID 21] 'Lathe, Hardinge': 10 scheduled work orders scraped
[19/57] EQ ID 22
  [EQ ID 22] 0 unscheduled work orders
  [EQ ID 22] 'Lathe': 24 scheduled work orders scraped
[20/57] EQ ID 45
  [EQ ID 45] 0 unscheduled work orders
  [EQ ID 45] 'Surface Grinder': 13 scheduled work orders scraped
[21/57] EQ ID 46
  [EQ ID 46] 0 unscheduled work orders
  [EQ ID 46] 'Vert. Band Saw': 3 scheduled work orders scraped
[22/57] EQ ID 49
  [EQ ID 49] 0 unscheduled work orders
  [EQ ID 49] 'Acu-rite lll': 3 scheduled work orders scraped
[23/57] EQ ID 50
  [EQ ID 50] 0 unscheduled work orders
  [EQ ID 50] 'Acu-rite': 3 scheduled work orders scraped
[24/57] EQ ID 71
  [EQ ID 71] 0 unscheduled work orders
  [EQ ID 71] 0 scheduled work orders
[25/57] EQ ID 109
  [EQ ID 109] 0 unscheduled work orders
  [EQ ID 109] 'Outside Micrometer': 1 scheduled work orders scraped
Saved 1 unscheduled records  ->  C:\Users\merja.haatanen\OneDrive - Bobrick Washroom Equipment\Desktop\PM Web Scraper\work_orders_unscheduled_machine_shop.csv
Saved 65 scheduled records  ->  C:\Users\merja.haatanen\OneDrive - Bobrick Washroom Equipment\Desktop\PM Web Scraper\work_orders_scheduled_machine_shop.csv
[26/57] EQ ID 111
  [EQ ID 111] 0 unscheduled work orders
  [EQ ID 111] 0 scheduled work orders
[27/57] EQ ID 1020
  [EQ ID 1020] 0 unscheduled work orders
  [EQ ID 1020] 0 scheduled work orders
[28/57] EQ ID 1021
  [EQ ID 1021] 0 unscheduled work orders
  [EQ ID 1021] 0 scheduled work orders
[29/57] EQ ID 1022
  [EQ ID 1022] 0 unscheduled work orders
  [EQ ID 1022] 'Mitutoyo Vertical Caliper': 1 scheduled work orders scraped
[30/57] EQ ID 1023
  [EQ ID 1023] 0 unscheduled work orders
  [EQ ID 1023] 'High Precesion Stone Table': 1 scheduled work orders scraped
[31/57] EQ ID 1031
  [EQ ID 1031] 0 unscheduled work orders
  [EQ ID 1031] 0 scheduled work orders
[32/57] EQ ID 1032
  [EQ ID 1032] 0 unscheduled work orders
  [EQ ID 1032] 0 scheduled work orders
[33/57] EQ ID 1033
  [EQ ID 1033] 0 unscheduled work orders
  [EQ ID 1033] 0 scheduled work orders
[34/57] EQ ID 1034
  [EQ ID 1034] 0 unscheduled work orders
  [EQ ID 1034] 0 scheduled work orders
[35/57] EQ ID 1035
  [EQ ID 1035] 0 unscheduled work orders
  [EQ ID 1035] 0 scheduled work orders
[36/57] EQ ID 1036
  [EQ ID 1036] 0 unscheduled work orders
  [EQ ID 1036] 0 scheduled work orders
[37/57] EQ ID 1037
  [EQ ID 1037] 0 unscheduled work orders
  [EQ ID 1037] 0 scheduled work orders
[38/57] EQ ID 1038
  [EQ ID 1038] 0 unscheduled work orders
  [EQ ID 1038] 0 scheduled work orders
[39/57] EQ ID 1039
  [EQ ID 1039] 0 unscheduled work orders
  [EQ ID 1039] 0 scheduled work orders
[40/57] EQ ID 1040
  [EQ ID 1040] 0 unscheduled work orders
  [EQ ID 1040] 0 scheduled work orders
[41/57] EQ ID 1041
  [EQ ID 1041] 0 unscheduled work orders
  [EQ ID 1041] 0 scheduled work orders
[42/57] EQ ID 1042
  [EQ ID 1042] 0 unscheduled work orders
  [EQ ID 1042] 0 scheduled work orders
[43/57] EQ ID 1043
  [EQ ID 1043] 0 unscheduled work orders
  [EQ ID 1043] 0 scheduled work orders
[44/57] EQ ID 1045
  [EQ ID 1045] 0 unscheduled work orders
  [EQ ID 1045] 0 scheduled work orders
[45/57] EQ ID 1046
  [EQ ID 1046] 0 unscheduled work orders
  [EQ ID 1046] 0 scheduled work orders
[46/57] EQ ID 1047
  [EQ ID 1047] 0 unscheduled work orders
  [EQ ID 1047] 0 scheduled work orders
[47/57] EQ ID 1048
  [EQ ID 1048] 0 unscheduled work orders
  [EQ ID 1048] 0 scheduled work orders
[48/57] EQ ID 1049
  [EQ ID 1049] 0 unscheduled work orders
  [EQ ID 1049] 0 scheduled work orders
[49/57] EQ ID 1050
  [EQ ID 1050] 0 unscheduled work orders
  [EQ ID 1050] 0 scheduled work orders
[50/57] EQ ID 1051
  [EQ ID 1051] 0 unscheduled work orders
  [EQ ID 1051] 0 scheduled work orders
Saved 1 unscheduled records  ->  C:\Users\merja.haatanen\OneDrive - Bobrick Washroom Equipment\Desktop\PM Web Scraper\work_orders_unscheduled_machine_shop.csv
Saved 67 scheduled records  ->  C:\Users\merja.haatanen\OneDrive - Bobrick Washroom Equipment\Desktop\PM Web Scraper\work_orders_scheduled_machine_shop.csv
[51/57] EQ ID 1052
  [EQ ID 1052] 0 unscheduled work orders
  [EQ ID 1052] 0 scheduled work orders
[52/57] EQ ID 1053
  [EQ ID 1053] 0 unscheduled work orders
  [EQ ID 1053] 0 scheduled work orders
[53/57] EQ ID 1054
  [EQ ID 1054] 0 unscheduled work orders
  [EQ ID 1054] 0 scheduled work orders
[54/57] EQ ID 1055
  [EQ ID 1055] 0 unscheduled work orders
  [EQ ID 1055] 0 scheduled work orders
[55/57] EQ ID 1056
  [EQ ID 1056] 0 unscheduled work orders
  [EQ ID 1056] 0 scheduled work orders
[56/57] EQ ID 1057
  [EQ ID 1057] 0 unscheduled work orders
  [EQ ID 1057] 0 scheduled work orders
[57/57] EQ ID 1058
  [EQ ID 1058] 0 unscheduled work orders
  [EQ ID 1058] 0 scheduled work orders
Saved 1 unscheduled records  ->  C:\Users\merja.haatanen\OneDrive - Bobrick Washroom Equipment\Desktop\PM Web Scraper\work_orders_unscheduled_machine_shop.csv
Saved 67 scheduled records  ->  C:\Users\merja.haatanen\OneDrive - Bobrick Washroom Equipment\Desktop\PM Web Scraper\work_orders_scheduled_machine_shop.csv

Done.
